<?xml version="1.0" ?>
<coverage version="7.13.1" timestamp="1768712420464" lines-valid="359" lines-covered="221" line-rate="0.6156" branches-covered="0" branches-valid="0" branch-rate="0" complexity="0">
	<!-- Generated by coverage.py: https://coverage.readthedocs.io/en/7.13.1 -->
	<!-- Based on https://raw.githubusercontent.com/cobertura/web/master/htdocs/xml/coverage-04.dtd -->
	<sources>
		<source>/workspaces/megarepo/active/games/conway_game_of_war</source>
	</sources>
	<packages>
		<package name="src.conways_game_of_war" line-rate="0.6156" branch-rate="0" complexity="0">
			<classes>
				<class name="game_state.py" filename="src/conways_game_of_war/game_state.py" complexity="0" line-rate="0.529" branch-rate="0">
					<methods/>
					<lines>
						<line number="3" hits="1"/>
						<line number="4" hits="1"/>
						<line number="5" hits="1"/>
						<line number="7" hits="1"/>
						<line number="9" hits="1"/>
						<line number="10" hits="1"/>
						<line number="11" hits="1"/>
						<line number="13" hits="1"/>
						<line number="14" hits="1"/>
						<line number="16" hits="1"/>
						<line number="17" hits="1"/>
						<line number="19" hits="1"/>
						<line number="20" hits="1"/>
						<line number="23" hits="1"/>
						<line number="24" hits="1"/>
						<line number="27" hits="1"/>
						<line number="28" hits="1"/>
						<line number="29" hits="1"/>
						<line number="31" hits="1"/>
						<line number="33" hits="0"/>
						<line number="36" hits="1"/>
						<line number="37" hits="1"/>
						<line number="40" hits="1"/>
						<line number="41" hits="1"/>
						<line number="42" hits="1"/>
						<line number="43" hits="1"/>
						<line number="44" hits="1"/>
						<line number="47" hits="1"/>
						<line number="50" hits="1"/>
						<line number="54" hits="1"/>
						<line number="57" hits="1"/>
						<line number="59" hits="1"/>
						<line number="64" hits="1"/>
						<line number="65" hits="1"/>
						<line number="66" hits="1"/>
						<line number="67" hits="1"/>
						<line number="68" hits="1"/>
						<line number="69" hits="1"/>
						<line number="70" hits="0"/>
						<line number="72" hits="1"/>
						<line number="73" hits="0"/>
						<line number="75" hits="1"/>
						<line number="76" hits="0"/>
						<line number="77" hits="1"/>
						<line number="79" hits="1"/>
						<line number="80" hits="1"/>
						<line number="81" hits="1"/>
						<line number="82" hits="1"/>
						<line number="83" hits="1"/>
						<line number="84" hits="1"/>
						<line number="85" hits="1"/>
						<line number="86" hits="1"/>
						<line number="87" hits="1"/>
						<line number="88" hits="1"/>
						<line number="89" hits="1"/>
						<line number="90" hits="1"/>
						<line number="91" hits="1"/>
						<line number="94" hits="1"/>
						<line number="97" hits="1"/>
						<line number="104" hits="1"/>
						<line number="107" hits="1"/>
						<line number="114" hits="1"/>
						<line number="117" hits="1"/>
						<line number="123" hits="1"/>
						<line number="127" hits="1"/>
						<line number="128" hits="1"/>
						<line number="129" hits="1"/>
						<line number="130" hits="1"/>
						<line number="131" hits="1"/>
						<line number="132" hits="1"/>
						<line number="134" hits="0"/>
						<line number="137" hits="0"/>
						<line number="138" hits="0"/>
						<line number="139" hits="0"/>
						<line number="140" hits="1"/>
						<line number="141" hits="1"/>
						<line number="142" hits="1"/>
						<line number="143" hits="1"/>
						<line number="145" hits="1"/>
						<line number="146" hits="1"/>
						<line number="148" hits="1"/>
						<line number="150" hits="0"/>
						<line number="151" hits="0"/>
						<line number="152" hits="0"/>
						<line number="153" hits="0"/>
						<line number="155" hits="1"/>
						<line number="158" hits="0"/>
						<line number="159" hits="0"/>
						<line number="160" hits="0"/>
						<line number="161" hits="0"/>
						<line number="162" hits="0"/>
						<line number="163" hits="0"/>
						<line number="166" hits="0"/>
						<line number="167" hits="0"/>
						<line number="169" hits="0"/>
						<line number="170" hits="0"/>
						<line number="175" hits="0"/>
						<line number="176" hits="0"/>
						<line number="177" hits="0"/>
						<line number="179" hits="1"/>
						<line number="181" hits="1"/>
						<line number="182" hits="1"/>
						<line number="192" hits="1"/>
						<line number="193" hits="0"/>
						<line number="194" hits="1"/>
						<line number="195" hits="0"/>
						<line number="196" hits="1"/>
						<line number="197" hits="1"/>
						<line number="198" hits="1"/>
						<line number="199" hits="1"/>
						<line number="201" hits="1"/>
						<line number="203" hits="1"/>
						<line number="204" hits="1"/>
						<line number="205" hits="1"/>
						<line number="209" hits="1"/>
						<line number="211" hits="1"/>
						<line number="212" hits="1"/>
						<line number="213" hits="0"/>
						<line number="214" hits="0"/>
						<line number="215" hits="0"/>
						<line number="216" hits="0"/>
						<line number="217" hits="0"/>
						<line number="220" hits="0"/>
						<line number="225" hits="0"/>
						<line number="226" hits="0"/>
						<line number="228" hits="1"/>
						<line number="230" hits="1"/>
						<line number="231" hits="1"/>
						<line number="232" hits="1"/>
						<line number="233" hits="1"/>
						<line number="234" hits="1"/>
						<line number="235" hits="1"/>
						<line number="238" hits="1"/>
						<line number="239" hits="0"/>
						<line number="240" hits="1"/>
						<line number="241" hits="1"/>
						<line number="246" hits="1"/>
						<line number="247" hits="1"/>
						<line number="248" hits="1"/>
						<line number="249" hits="0"/>
						<line number="250" hits="0"/>
						<line number="251" hits="1"/>
						<line number="253" hits="1"/>
						<line number="258" hits="1"/>
						<line number="259" hits="1"/>
						<line number="260" hits="1"/>
						<line number="263" hits="1"/>
						<line number="264" hits="0"/>
						<line number="265" hits="0"/>
						<line number="268" hits="1"/>
						<line number="270" hits="1"/>
						<line number="271" hits="1"/>
						<line number="273" hits="1"/>
						<line number="274" hits="0"/>
						<line number="275" hits="1"/>
						<line number="276" hits="0"/>
						<line number="277" hits="0"/>
						<line number="278" hits="1"/>
						<line number="279" hits="1"/>
						<line number="280" hits="1"/>
						<line number="283" hits="1"/>
						<line number="284" hits="1"/>
						<line number="285" hits="0"/>
						<line number="288" hits="0"/>
						<line number="290" hits="1"/>
						<line number="291" hits="1"/>
						<line number="292" hits="1"/>
						<line number="294" hits="1"/>
						<line number="295" hits="1"/>
						<line number="296" hits="1"/>
						<line number="299" hits="1"/>
						<line number="300" hits="0"/>
						<line number="301" hits="0"/>
						<line number="302" hits="0"/>
						<line number="305" hits="1"/>
						<line number="306" hits="1"/>
						<line number="307" hits="0"/>
						<line number="308" hits="0"/>
						<line number="310" hits="1"/>
						<line number="312" hits="1"/>
						<line number="318" hits="0"/>
						<line number="320" hits="0"/>
						<line number="321" hits="0"/>
						<line number="322" hits="0"/>
						<line number="323" hits="0"/>
						<line number="324" hits="0"/>
						<line number="325" hits="0"/>
						<line number="326" hits="0"/>
						<line number="329" hits="0"/>
						<line number="334" hits="0"/>
						<line number="337" hits="0"/>
						<line number="338" hits="0"/>
						<line number="339" hits="0"/>
						<line number="340" hits="0"/>
						<line number="342" hits="0"/>
						<line number="344" hits="0"/>
						<line number="345" hits="0"/>
						<line number="346" hits="0"/>
						<line number="347" hits="0"/>
						<line number="348" hits="0"/>
						<line number="349" hits="0"/>
						<line number="350" hits="0"/>
						<line number="352" hits="0"/>
						<line number="353" hits="0"/>
						<line number="356" hits="0"/>
						<line number="358" hits="0"/>
						<line number="359" hits="0"/>
						<line number="362" hits="0"/>
						<line number="365" hits="0"/>
						<line number="366" hits="0"/>
						<line number="367" hits="0"/>
						<line number="369" hits="0"/>
						<line number="370" hits="0"/>
						<line number="371" hits="0"/>
						<line number="372" hits="0"/>
						<line number="374" hits="1"/>
						<line number="380" hits="1"/>
						<line number="382" hits="1"/>
						<line number="383" hits="1"/>
						<line number="384" hits="1"/>
						<line number="385" hits="1"/>
						<line number="386" hits="1"/>
						<line number="387" hits="1"/>
						<line number="389" hits="1"/>
						<line number="390" hits="1"/>
						<line number="391" hits="1"/>
						<line number="392" hits="1"/>
						<line number="393" hits="1"/>
						<line number="394" hits="1"/>
						<line number="395" hits="0"/>
						<line number="396" hits="1"/>
						<line number="397" hits="0"/>
						<line number="398" hits="1"/>
						<line number="399" hits="0"/>
						<line number="400" hits="1"/>
						<line number="401" hits="1"/>
						<line number="402" hits="1"/>
						<line number="404" hits="1"/>
						<line number="405" hits="0"/>
						<line number="406" hits="0"/>
						<line number="407" hits="0"/>
						<line number="408" hits="0"/>
						<line number="410" hits="1"/>
						<line number="412" hits="0"/>
						<line number="413" hits="0"/>
						<line number="414" hits="0"/>
						<line number="415" hits="0"/>
						<line number="417" hits="0"/>
						<line number="418" hits="0"/>
						<line number="419" hits="0"/>
						<line number="421" hits="1"/>
						<line number="423" hits="0"/>
						<line number="424" hits="0"/>
						<line number="425" hits="0"/>
						<line number="426" hits="0"/>
						<line number="427" hits="0"/>
						<line number="429" hits="1"/>
						<line number="432" hits="0"/>
						<line number="433" hits="0"/>
						<line number="434" hits="0"/>
						<line number="435" hits="0"/>
						<line number="436" hits="0"/>
						<line number="437" hits="0"/>
						<line number="438" hits="0"/>
						<line number="439" hits="0"/>
						<line number="440" hits="0"/>
						<line number="441" hits="0"/>
						<line number="442" hits="0"/>
						<line number="443" hits="0"/>
						<line number="444" hits="0"/>
						<line number="446" hits="0"/>
						<line number="447" hits="0"/>
						<line number="449" hits="0"/>
						<line number="451" hits="0"/>
						<line number="458" hits="0"/>
						<line number="459" hits="0"/>
						<line number="460" hits="0"/>
						<line number="461" hits="0"/>
						<line number="462" hits="0"/>
						<line number="463" hits="0"/>
						<line number="468" hits="0"/>
						<line number="469" hits="0"/>
						<line number="472" hits="0"/>
						<line number="478" hits="0"/>
						<line number="479" hits="0"/>
						<line number="480" hits="0"/>
						<line number="482" hits="1"/>
						<line number="484" hits="0"/>
						<line number="485" hits="0"/>
						<line number="486" hits="0"/>
						<line number="488" hits="1"/>
						<line number="490" hits="0"/>
						<line number="491" hits="0"/>
					</lines>
				</class>
				<class name="test_game_state.py" filename="src/conways_game_of_war/test_game_state.py" complexity="0" line-rate="1" branch-rate="0">
					<methods/>
					<lines>
						<line number="1" hits="1"/>
						<line number="3" hits="1"/>
						<line number="12" hits="1"/>
						<line number="14" hits="1"/>
						<line number="15" hits="1"/>
						<line number="16" hits="1"/>
						<line number="17" hits="1"/>
						<line number="18" hits="1"/>
						<line number="19" hits="1"/>
						<line number="20" hits="1"/>
						<line number="22" hits="1"/>
						<line number="23" hits="1"/>
						<line number="26" hits="1"/>
						<line number="28" hits="1"/>
						<line number="29" hits="1"/>
						<line number="30" hits="1"/>
						<line number="31" hits="1"/>
						<line number="32" hits="1"/>
						<line number="34" hits="1"/>
						<line number="35" hits="1"/>
						<line number="36" hits="1"/>
						<line number="39" hits="1"/>
						<line number="40" hits="1"/>
						<line number="51" hits="1"/>
						<line number="52" hits="1"/>
						<line number="54" hits="1"/>
						<line number="55" hits="1"/>
						<line number="56" hits="1"/>
						<line number="57" hits="1"/>
						<line number="58" hits="1"/>
						<line number="59" hits="1"/>
						<line number="60" hits="1"/>
						<line number="61" hits="1"/>
						<line number="62" hits="1"/>
						<line number="65" hits="1"/>
						<line number="66" hits="1"/>
						<line number="68" hits="1"/>
						<line number="69" hits="1"/>
						<line number="70" hits="1"/>
						<line number="71" hits="1"/>
						<line number="72" hits="1"/>
						<line number="73" hits="1"/>
						<line number="74" hits="1"/>
						<line number="75" hits="1"/>
						<line number="76" hits="1"/>
						<line number="79" hits="1"/>
						<line number="80" hits="1"/>
						<line number="82" hits="1"/>
						<line number="83" hits="1"/>
						<line number="84" hits="1"/>
						<line number="85" hits="1"/>
						<line number="86" hits="1"/>
						<line number="89" hits="1"/>
						<line number="90" hits="1"/>
						<line number="92" hits="1"/>
						<line number="93" hits="1"/>
						<line number="94" hits="1"/>
						<line number="95" hits="1"/>
						<line number="97" hits="1"/>
						<line number="100" hits="1"/>
						<line number="101" hits="1"/>
						<line number="103" hits="1"/>
						<line number="104" hits="1"/>
						<line number="105" hits="1"/>
						<line number="106" hits="1"/>
						<line number="108" hits="1"/>
					</lines>
				</class>
			</classes>
		</package>
	</packages>
</coverage>
